<?xml version="1.0" encoding="UTF-8"?>
<testsuite name="com.sepatype.util.LongToWordUtilTest" tests="1" skipped="0" failures="0" errors="0" timestamp="2019-04-08T04:05:44" hostname="MacBook-Pro.local" time="0.003">
  <properties/>
  <testcase name="testLongToWords" classname="com.sepatype.util.LongToWordUtilTest" time="0.003"/>
  <system-out><![CDATA[]]></system-out>
  <system-err><![CDATA[]]></system-err>
</testsuite>
