<?xml version="1.0" encoding="UTF-8"?>
<testsuite name="com.sepatype.SepatypeServiceImplTest" tests="7" skipped="0" failures="0" errors="0" timestamp="2019-04-08T04:05:44" hostname="MacBook-Pro.local" time="0.044">
  <properties/>
  <testcase name="testValidateInputLessThanLongMinValue" classname="com.sepatype.SepatypeServiceImplTest" time="0.009"/>
  <testcase name="testValidateInputEmptyInput" classname="com.sepatype.SepatypeServiceImplTest" time="0.001"/>
  <testcase name="testHandleInput" classname="com.sepatype.SepatypeServiceImplTest" time="0.031"/>
  <testcase name="testValidateInput" classname="com.sepatype.SepatypeServiceImplTest" time="0.0"/>
  <testcase name="testValidateInputGreaterThanLongMaxValue" classname="com.sepatype.SepatypeServiceImplTest" time="0.001"/>
  <testcase name="testValidateInputNull" classname="com.sepatype.SepatypeServiceImplTest" time="0.0"/>
  <testcase name="testValidateInputWord" classname="com.sepatype.SepatypeServiceImplTest" time="0.0"/>
  <system-out><![CDATA[]]></system-out>
  <system-err><![CDATA[]]></system-err>
</testsuite>
